[debug] [2023-07-05T22:45:37.150Z] ----------------------------------------------------------------------
[debug] [2023-07-05T22:45:37.153Z] Command:       C:\Program Files\nodejs\node.exe C:\Users\kateg\AppData\Roaming\npm\node_modules\firebase-tools\lib\bin\firebase.js emulators:start --only functions
[debug] [2023-07-05T22:45:37.154Z] CLI Version:   12.3.1
[debug] [2023-07-05T22:45:37.155Z] Platform:      win32
[debug] [2023-07-05T22:45:37.155Z] Node Version:  v18.16.0
[debug] [2023-07-05T22:45:37.162Z] Time:          Wed Jul 05 2023 18:45:37 GMT-0400 (Eastern Daylight Time)
[debug] [2023-07-05T22:45:37.163Z] ----------------------------------------------------------------------
[debug] 
[debug] [2023-07-05T22:45:37.257Z] > command requires scopes: ["email","openid","https://www.googleapis.com/auth/cloudplatformprojects.readonly","https://www.googleapis.com/auth/firebase","https://www.googleapis.com/auth/cloud-platform"]
[debug] [2023-07-05T22:45:37.258Z] > authorizing via signed-in user (kategrutter@gmail.com)
[info] i  emulators: Starting emulators: functions {"metadata":{"emulator":{"name":"hub"},"message":"Starting emulators: functions"}}
[debug] [2023-07-05T22:45:37.275Z] [logging] Logging Emulator only supports listening on one address (127.0.0.1). Not listening on ::1
[warn] !  ui: Emulator UI unable to start on port 4000, starting on 4004 instead. {"metadata":{"emulator":{"name":"ui"},"message":"Emulator UI unable to start on port 4000, starting on 4004 instead."}}
[debug] [2023-07-05T22:45:37.280Z] assigned listening specs for emulators {"user":{"hub":[{"address":"127.0.0.1","family":"IPv4","port":4400},{"address":"::1","family":"IPv6","port":4400}],"logging":[{"address":"127.0.0.1","family":"IPv4","port":4500}],"ui":[{"address":"127.0.0.1","family":"IPv4","port":4004},{"address":"::1","family":"IPv6","port":4004}]},"metadata":{"message":"assigned listening specs for emulators"}}
[debug] [2023-07-05T22:45:37.294Z] [hub] writing locator at C:\Users\kateg\AppData\Local\Temp\hub-bookclubapp-41e2d.json
[debug] [2023-07-05T22:45:37.325Z] [functions] Functions Emulator only supports listening on one address (127.0.0.1). Not listening on ::1
[debug] [2023-07-05T22:45:37.325Z] [eventarc] Eventarc Emulator only supports listening on one address (127.0.0.1). Not listening on ::1
[debug] [2023-07-05T22:45:37.326Z] late-assigned ports for functions and eventarc emulators {"user":{"hub":[{"address":"127.0.0.1","family":"IPv4","port":4400},{"address":"::1","family":"IPv6","port":4400}],"logging":[{"address":"127.0.0.1","family":"IPv4","port":4500}],"ui":[{"address":"127.0.0.1","family":"IPv4","port":4004},{"address":"::1","family":"IPv6","port":4004}],"functions":[{"address":"127.0.0.1","family":"IPv4","port":5001}],"eventarc":[{"address":"127.0.0.1","family":"IPv4","port":9299}]},"metadata":{"message":"late-assigned ports for functions and eventarc emulators"}}
[warn] !  functions: The following emulators are not running, calls to these services from the Functions emulator will affect production: auth, firestore, database, hosting, pubsub, storage {"metadata":{"emulator":{"name":"functions"},"message":"The following emulators are not running, calls to these services from the Functions emulator will affect production: \u001b[1mauth, firestore, database, hosting, pubsub, storage\u001b[22m"}}
[debug] [2023-07-05T22:45:37.331Z] defaultcredentials: writing to file C:\Users\kateg\AppData\Roaming\firebase\kategrutter_gmail_com_application_default_credentials.json
[debug] [2023-07-05T22:45:37.341Z] Setting GAC to C:\Users\kateg\AppData\Roaming\firebase\kategrutter_gmail_com_application_default_credentials.json {"metadata":{"emulator":{"name":"functions"},"message":"Setting GAC to C:\\Users\\kateg\\AppData\\Roaming\\firebase\\kategrutter_gmail_com_application_default_credentials.json"}}
[debug] [2023-07-05T22:45:37.345Z] > refreshing access token with scopes: []
[debug] [2023-07-05T22:45:37.348Z] >>> [apiv2][query] POST https://www.googleapis.com/oauth2/v3/token [none]
[debug] [2023-07-05T22:45:37.348Z] >>> [apiv2][body] POST https://www.googleapis.com/oauth2/v3/token [omitted]
[debug] [2023-07-05T22:45:37.604Z] <<< [apiv2][status] POST https://www.googleapis.com/oauth2/v3/token 200
[debug] [2023-07-05T22:45:37.604Z] <<< [apiv2][body] POST https://www.googleapis.com/oauth2/v3/token [omitted]
[debug] [2023-07-05T22:45:37.613Z] >>> [apiv2][query] GET https://firebase.googleapis.com/v1beta1/projects/bookclubapp-41e2d/adminSdkConfig [none]
[debug] [2023-07-05T22:45:37.859Z] <<< [apiv2][status] GET https://firebase.googleapis.com/v1beta1/projects/bookclubapp-41e2d/adminSdkConfig 200
[debug] [2023-07-05T22:45:37.859Z] <<< [apiv2][body] GET https://firebase.googleapis.com/v1beta1/projects/bookclubapp-41e2d/adminSdkConfig {"projectId":"bookclubapp-41e2d","storageBucket":"bookclubapp-41e2d.appspot.com"}
[debug] [2023-07-05T22:45:37.879Z] Ignoring unsupported arg: auto_download {"metadata":{"emulator":{"name":"ui"},"message":"Ignoring unsupported arg: auto_download"}}
[debug] [2023-07-05T22:45:37.879Z] Ignoring unsupported arg: port {"metadata":{"emulator":{"name":"ui"},"message":"Ignoring unsupported arg: port"}}
[debug] [2023-07-05T22:45:37.879Z] Starting Emulator UI with command {"binary":"node","args":["C:\\Users\\kateg\\.cache\\firebase\\emulators\\ui-v1.11.6\\server\\server.js"],"optionalArgs":[],"joinArgs":false} {"metadata":{"emulator":{"name":"ui"},"message":"Starting Emulator UI with command {\"binary\":\"node\",\"args\":[\"C:\\\\Users\\\\kateg\\\\.cache\\\\firebase\\\\emulators\\\\ui-v1.11.6\\\\server\\\\server.js\"],\"optionalArgs\":[],\"joinArgs\":false}"}}
[info] i  ui: Emulator UI logging to ui-debug.log {"metadata":{"emulator":{"name":"ui"},"message":"Emulator UI logging to \u001b[1mui-debug.log\u001b[22m"}}
[debug] [2023-07-05T22:45:38.033Z] Web / API server started at 127.0.0.1:4004
 {"metadata":{"emulator":{"name":"ui"},"message":"Web / API server started at 127.0.0.1:4004\n"}}
[debug] [2023-07-05T22:45:38.033Z] Web / API server started at ::1:4004
 {"metadata":{"emulator":{"name":"ui"},"message":"Web / API server started at ::1:4004\n"}}
[info] i  functions: Watching "C:\Users\kateg\OneDrive\Desktop\GC\BookClubApp2\BookClubApp\backend\functions" for Cloud Functions... {"metadata":{"emulator":{"name":"functions"},"message":"Watching \"C:\\Users\\kateg\\OneDrive\\Desktop\\GC\\BookClubApp2\\BookClubApp\\backend\\functions\" for Cloud Functions..."}}
[debug] [2023-07-05T22:45:38.156Z] Validating nodejs source
[debug] [2023-07-05T22:45:40.182Z] > [functions] package.json contents: {
  "name": "functions",
  "scripts": {
    "build": "tsc",
    "build:watch": "tsc --watch",
    "serve": "npm run build && firebase emulators:start --only functions",
    "shell": "npm run build && firebase functions:shell",
    "start": "npm run shell",
    "deploy": "firebase deploy --only functions",
    "logs": "firebase functions:log"
  },
  "engines": {
    "node": "18"
  },
  "main": "lib/index.js",
  "dependencies": {
    "cors": "^2.8.5",
    "dotenv": "^16.1.4",
    "express": "^4.18.2",
    "firebase-admin": "^11.8.0",
    "firebase-functions": "^4.3.1",
    "mongodb": "^5.6.0"
  },
  "devDependencies": {
    "@types/cors": "^2.8.13",
    "@types/express": "^4.17.17",
    "firebase-functions-test": "^3.1.0",
    "nodemon": "^2.0.22",
    "ts-node": "^10.9.1",
    "typescript": "^4.9.0"
  },
  "private": true
}
[debug] [2023-07-05T22:45:40.182Z] Building nodejs source
[debug] [2023-07-05T22:45:40.183Z] Failed to find version of module node: reached end of search path C:\Users\kateg\OneDrive\Desktop\GC\BookClubApp2\BookClubApp\backend\functions\node_modules
[info] +  functions: Using node@18 from host. 
[debug] [2023-07-05T22:45:40.187Z] Could not find functions.yaml. Must use http discovery
[debug] [2023-07-05T22:45:40.199Z] Found firebase-functions binary at 'C:\Users\kateg\OneDrive\Desktop\GC\BookClubApp2\BookClubApp\backend\functions\node_modules\.bin\firebase-functions'
